<?xml version="1.0" encoding="UTF-8"?>
<!-- Generated by org.testng.reporters.JUnitXMLReporter -->
<testsuite hostname="DESKTOP-NM05SVP" ignored="0" name="Create Portfolio Test" tests="2" failures="0" timestamp="04 Aug 2018 15:58:18 GMT" time="67.1" errors="0">
  <testcase name="createLead" time="28.782" classname="com.qtpselenium.testcases.CreatePortfolioTest"/>
  <testcase name="createLead" time="35.104" classname="com.qtpselenium.testcases.CreatePortfolioTest"/>
</testsuite> <!-- Create Portfolio Test -->
