<?xml version="1.0" encoding="UTF-8"?>
<!-- Generated by org.testng.reporters.JUnitXMLReporter -->
<testsuite hostname="DESKTOP-NM05SVP" ignored="0" name="Login Test" tests="2" failures="0" timestamp="04 Aug 2018 15:57:10 GMT" time="62.082" errors="0">
  <testcase name="@AfterMethod quit" time="0.0" classname="com.qtpselenium.testcases.LoginTest">
    <failure type="java.lang.NullPointerException">
      <![CDATA[java.lang.NullPointerException
	at com.qtpselenium.hybrid.rediff.driver.DriverScript.quit(DriverScript.java:71)
	at com.qtpselenium.testcases.LoginTest.quit(LoginTest.java:36)
... Removed 26 stack frames]]>
    </failure>
  </testcase> <!-- @AfterMethod quit -->
  <testcase name="doLogin" time="57.864" classname="com.qtpselenium.testcases.LoginTest"/>
  <testcase name="doLogin" time="0.001" classname="com.qtpselenium.testcases.LoginTest">
    <skipped/>
  </testcase> <!-- doLogin -->
</testsuite> <!-- Login Test -->
